빌드 시작: 2021-08-24 오후 2:22:13
     1>2 노드의 "D:\Project\Samsung\UB\backup\통합\GapInspection_20210122_0\GapInspection\GapInspection.vcxproj" 프로젝트(build 대상)입니다.
     1>InitializeBuildStatus:
         "AlwaysCreate"이(가) 지정되었기 때문에 "x64\Debug\GapInspection.unsuccessfulbuild"을(를) 만들고 있습니다.
       ClCompile:
         모든 출력이 최신 상태입니다.
         모든 출력이 최신 상태입니다.
       ResourceCompile:
         모든 출력이 최신 상태입니다.
       ManifestResourceCompile:
         모든 출력이 최신 상태입니다.
       Link:
         모든 출력이 최신 상태입니다.
         GapInspection.vcxproj -> D:\GapInspData\BIN\UB_Tilt_Inspection.exe
       Manifest:
         C:\Program Files (x86)\Microsoft SDKs\Windows\v7.0A\bin\mt.exe /nologo /verbose /out:"x64\Debug\UB_Tilt_Inspection.exe.embed.manifest" /manifest x64\Debug\UB_Tilt_Inspection.exe.intermediate.manifest "c:\Program Files (x86)\Microsoft Visual Studio 10.0\VC\Include\Manifest\dpiaware.manifest"
         모든 출력이 최신 상태입니다.
       FinalizeBuildStatus:
         "x64\Debug\GapInspection.unsuccessfulbuild" 파일을 삭제하고 있습니다.
         "x64\Debug\GapInspection.lastbuildstate"에 연결(touching)하고 있습니다.
     1>"D:\Project\Samsung\UB\backup\통합\GapInspection_20210122_0\GapInspection\GapInspection.vcxproj" 프로젝트를 빌드했습니다(build 대상).

빌드했습니다.

경과 시간: 00:00:00.32
