D:\GAPINSPDATA\BIN\GAPINSPECTION.EXE
D:\GapInspData\BIN\GapInspection.exp
D:\GAPINSPDATA\BIN\GAPINSPECTION.ILK
D:\GapInspData\BIN\GapInspection.lib
D:\GAPINSPDATA\BIN\GAPINSPECTION.PDB
D:\PROJECT\SAMSUNG\BACKUP\GAPINSPECTION_20190312\GAPINSPECTION\X64\DEBUG\_CTRLTRACKER.OBJ
D:\PROJECT\SAMSUNG\BACKUP\GAPINSPECTION_20190312\GAPINSPECTION\X64\DEBUG\AUTODELETE.OBJ
D:\PROJECT\SAMSUNG\BACKUP\GAPINSPECTION_20190312\GAPINSPECTION\X64\DEBUG\AXIS.OBJ
D:\PROJECT\SAMSUNG\BACKUP\GAPINSPECTION_20190312\GAPINSPECTION\X64\DEBUG\BTNENHCTRL.OBJ
D:\PROJECT\SAMSUNG\BACKUP\GAPINSPECTION_20190312\GAPINSPECTION\X64\DEBUG\CAMERAMANAGER.OBJ
D:\PROJECT\SAMSUNG\BACKUP\GAPINSPECTION_20190312\GAPINSPECTION\X64\DEBUG\COMMTHREAD.OBJ
D:\PROJECT\SAMSUNG\BACKUP\GAPINSPECTION_20190312\GAPINSPECTION\X64\DEBUG\CVBLOBFINDER.OBJ
D:\PROJECT\SAMSUNG\BACKUP\GAPINSPECTION_20190312\GAPINSPECTION\X64\DEBUG\DEFINE.OBJ
D:\PROJECT\SAMSUNG\BACKUP\GAPINSPECTION_20190312\GAPINSPECTION\X64\DEBUG\DIALOGALARMMSG.OBJ
D:\PROJECT\SAMSUNG\BACKUP\GAPINSPECTION_20190312\GAPINSPECTION\X64\DEBUG\DIALOGBARCODEPOPUP.OBJ
D:\PROJECT\SAMSUNG\BACKUP\GAPINSPECTION_20190312\GAPINSPECTION\X64\DEBUG\DIALOGDRIVESELECT.OBJ
D:\PROJECT\SAMSUNG\BACKUP\GAPINSPECTION_20190312\GAPINSPECTION\X64\DEBUG\DIALOGINSPPOINT.OBJ
D:\PROJECT\SAMSUNG\BACKUP\GAPINSPECTION_20190312\GAPINSPECTION\X64\DEBUG\DIALOGINSPRSLT.OBJ
D:\PROJECT\SAMSUNG\BACKUP\GAPINSPECTION_20190312\GAPINSPECTION\X64\DEBUG\DIALOGJOG.OBJ
D:\PROJECT\SAMSUNG\BACKUP\GAPINSPECTION_20190312\GAPINSPECTION\X64\DEBUG\DIALOGMOTION.OBJ
D:\PROJECT\SAMSUNG\BACKUP\GAPINSPECTION_20190312\GAPINSPECTION\X64\DEBUG\DIALOGSPEC.OBJ
D:\PROJECT\SAMSUNG\BACKUP\GAPINSPECTION_20190312\GAPINSPECTION\X64\DEBUG\DIALOGSYSTEM.OBJ
D:\PROJECT\SAMSUNG\BACKUP\GAPINSPECTION_20190312\GAPINSPECTION\X64\DEBUG\DIALOGTEACH.OBJ
D:\PROJECT\SAMSUNG\BACKUP\GAPINSPECTION_20190312\GAPINSPECTION\X64\DEBUG\DIALOGZOOMVIEW.OBJ
D:\PROJECT\SAMSUNG\BACKUP\GAPINSPECTION_20190312\GAPINSPECTION\X64\DEBUG\GAPINSPECTION.EXE.EMBED.MANIFEST
D:\PROJECT\SAMSUNG\BACKUP\GAPINSPECTION_20190312\GAPINSPECTION\X64\DEBUG\GAPINSPECTION.EXE.EMBED.MANIFEST.RES
D:\PROJECT\SAMSUNG\BACKUP\GAPINSPECTION_20190312\GAPINSPECTION\X64\DEBUG\GAPINSPECTION.OBJ
D:\PROJECT\SAMSUNG\BACKUP\GAPINSPECTION_20190312\GAPINSPECTION\X64\DEBUG\GAPINSPECTION.PCH
D:\PROJECT\SAMSUNG\BACKUP\GAPINSPECTION_20190312\GAPINSPECTION\X64\DEBUG\GAPINSPECTION.RES
D:\PROJECT\SAMSUNG\BACKUP\GAPINSPECTION_20190312\GAPINSPECTION\X64\DEBUG\GAPINSPECTIONDLG.OBJ
D:\PROJECT\SAMSUNG\BACKUP\GAPINSPECTION_20190312\GAPINSPECTION\X64\DEBUG\GETNUMDLG.OBJ
D:\PROJECT\SAMSUNG\BACKUP\GAPINSPECTION_20190312\GAPINSPECTION\X64\DEBUG\GETTEXTDLG.OBJ
D:\PROJECT\SAMSUNG\BACKUP\GAPINSPECTION_20190312\GAPINSPECTION\X64\DEBUG\LISTBOXST.OBJ
D:\PROJECT\SAMSUNG\BACKUP\GAPINSPECTION_20190312\GAPINSPECTION\X64\DEBUG\LOGFILE.OBJ
D:\PROJECT\SAMSUNG\BACKUP\GAPINSPECTION_20190312\GAPINSPECTION\X64\DEBUG\MYLISTCTRL.OBJ
D:\PROJECT\SAMSUNG\BACKUP\GAPINSPECTION_20190312\GAPINSPECTION\X64\DEBUG\PROFILEDATAIF.OBJ
D:\PROJECT\SAMSUNG\BACKUP\GAPINSPECTION_20190312\GAPINSPECTION\X64\DEBUG\SEQUENCEMODULE.OBJ
D:\PROJECT\SAMSUNG\BACKUP\GAPINSPECTION_20190312\GAPINSPECTION\X64\DEBUG\SERIALPORT.OBJ
D:\PROJECT\SAMSUNG\BACKUP\GAPINSPECTION_20190312\GAPINSPECTION\X64\DEBUG\STATICMATDISPLAY.OBJ
D:\PROJECT\SAMSUNG\BACKUP\GAPINSPECTION_20190312\GAPINSPECTION\X64\DEBUG\STDAFX.OBJ
D:\PROJECT\SAMSUNG\BACKUP\GAPINSPECTION_20190312\GAPINSPECTION\X64\DEBUG\TIMECHECK.OBJ
D:\PROJECT\SAMSUNG\BACKUP\GAPINSPECTION_20190312\GAPINSPECTION\X64\DEBUG\VC100.PDB
D:\PROJECT\SAMSUNG\BACKUP\GAPINSPECTION_20190312\GAPINSPECTION\X64\DEBUG\VISION.OBJ
D:\PROJECT\SAMSUNG\BACKUP\GAPINSPECTION_20190313\GAPINSPECTION\X64\DEBUG\_CTRLTRACKER.OBJ
D:\PROJECT\SAMSUNG\BACKUP\GAPINSPECTION_20190313\GAPINSPECTION\X64\DEBUG\AUTODELETE.OBJ
D:\PROJECT\SAMSUNG\BACKUP\GAPINSPECTION_20190313\GAPINSPECTION\X64\DEBUG\AXIS.OBJ
D:\PROJECT\SAMSUNG\BACKUP\GAPINSPECTION_20190313\GAPINSPECTION\X64\DEBUG\BTNENHCTRL.OBJ
D:\PROJECT\SAMSUNG\BACKUP\GAPINSPECTION_20190313\GAPINSPECTION\X64\DEBUG\CAMERAMANAGER.OBJ
D:\Project\Samsung\backup\GapInspection_20190313\GapInspection\x64\Debug\cl.command.1.tlog
D:\Project\Samsung\backup\GapInspection_20190313\GapInspection\x64\Debug\CL.read.1.tlog
D:\Project\Samsung\backup\GapInspection_20190313\GapInspection\x64\Debug\CL.write.1.tlog
D:\PROJECT\SAMSUNG\BACKUP\GAPINSPECTION_20190313\GAPINSPECTION\X64\DEBUG\COMMTHREAD.OBJ
D:\PROJECT\SAMSUNG\BACKUP\GAPINSPECTION_20190313\GAPINSPECTION\X64\DEBUG\CVBLOBFINDER.OBJ
D:\PROJECT\SAMSUNG\BACKUP\GAPINSPECTION_20190313\GAPINSPECTION\X64\DEBUG\DEFINE.OBJ
D:\PROJECT\SAMSUNG\BACKUP\GAPINSPECTION_20190313\GAPINSPECTION\X64\DEBUG\DIALOGALARMMSG.OBJ
D:\PROJECT\SAMSUNG\BACKUP\GAPINSPECTION_20190313\GAPINSPECTION\X64\DEBUG\DIALOGBARCODEPOPUP.OBJ
D:\PROJECT\SAMSUNG\BACKUP\GAPINSPECTION_20190313\GAPINSPECTION\X64\DEBUG\DIALOGDRIVESELECT.OBJ
D:\PROJECT\SAMSUNG\BACKUP\GAPINSPECTION_20190313\GAPINSPECTION\X64\DEBUG\DIALOGINSPPOINT.OBJ
D:\PROJECT\SAMSUNG\BACKUP\GAPINSPECTION_20190313\GAPINSPECTION\X64\DEBUG\DIALOGINSPRSLT.OBJ
D:\PROJECT\SAMSUNG\BACKUP\GAPINSPECTION_20190313\GAPINSPECTION\X64\DEBUG\DIALOGJOG.OBJ
D:\PROJECT\SAMSUNG\BACKUP\GAPINSPECTION_20190313\GAPINSPECTION\X64\DEBUG\DIALOGMOTION.OBJ
D:\PROJECT\SAMSUNG\BACKUP\GAPINSPECTION_20190313\GAPINSPECTION\X64\DEBUG\DIALOGSPEC.OBJ
D:\PROJECT\SAMSUNG\BACKUP\GAPINSPECTION_20190313\GAPINSPECTION\X64\DEBUG\DIALOGSYSTEM.OBJ
D:\PROJECT\SAMSUNG\BACKUP\GAPINSPECTION_20190313\GAPINSPECTION\X64\DEBUG\DIALOGTEACH.OBJ
D:\PROJECT\SAMSUNG\BACKUP\GAPINSPECTION_20190313\GAPINSPECTION\X64\DEBUG\DIALOGZOOMVIEW.OBJ
D:\Project\Samsung\backup\GapInspection_20190313\GapInspection\x64\Debug\GapInspection.exe.embed.manifest
D:\PROJECT\SAMSUNG\BACKUP\GAPINSPECTION_20190313\GAPINSPECTION\X64\DEBUG\GAPINSPECTION.EXE.EMBED.MANIFEST.RES
D:\PROJECT\SAMSUNG\BACKUP\GAPINSPECTION_20190313\GAPINSPECTION\X64\DEBUG\GAPINSPECTION.EXE.INTERMEDIATE.MANIFEST
D:\PROJECT\SAMSUNG\BACKUP\GAPINSPECTION_20190313\GAPINSPECTION\X64\DEBUG\GAPINSPECTION.OBJ
D:\PROJECT\SAMSUNG\BACKUP\GAPINSPECTION_20190313\GAPINSPECTION\X64\DEBUG\GAPINSPECTION.PCH
D:\PROJECT\SAMSUNG\BACKUP\GAPINSPECTION_20190313\GAPINSPECTION\X64\DEBUG\GAPINSPECTION.RES
D:\Project\Samsung\backup\GapInspection_20190313\GapInspection\x64\Debug\GapInspection.vcxprojResolveAssemblyReference.cache
D:\Project\Samsung\backup\GapInspection_20190313\GapInspection\x64\Debug\GapInspection.write.1.tlog
D:\Project\Samsung\backup\GapInspection_20190313\GapInspection\x64\Debug\GapInspection_manifest.rc
D:\PROJECT\SAMSUNG\BACKUP\GAPINSPECTION_20190313\GAPINSPECTION\X64\DEBUG\GAPINSPECTIONDLG.OBJ
D:\PROJECT\SAMSUNG\BACKUP\GAPINSPECTION_20190313\GAPINSPECTION\X64\DEBUG\GETNUMDLG.OBJ
D:\PROJECT\SAMSUNG\BACKUP\GAPINSPECTION_20190313\GAPINSPECTION\X64\DEBUG\GETTEXTDLG.OBJ
D:\Project\Samsung\backup\GapInspection_20190313\GapInspection\x64\Debug\link.command.1.tlog
D:\Project\Samsung\backup\GapInspection_20190313\GapInspection\x64\Debug\link.read.1.tlog
D:\Project\Samsung\backup\GapInspection_20190313\GapInspection\x64\Debug\link.write.1.tlog
D:\Project\Samsung\backup\GapInspection_20190313\GapInspection\x64\Debug\link-cvtres.read.1.tlog
D:\Project\Samsung\backup\GapInspection_20190313\GapInspection\x64\Debug\link-cvtres.write.1.tlog
D:\PROJECT\SAMSUNG\BACKUP\GAPINSPECTION_20190313\GAPINSPECTION\X64\DEBUG\LISTBOXST.OBJ
D:\PROJECT\SAMSUNG\BACKUP\GAPINSPECTION_20190313\GAPINSPECTION\X64\DEBUG\LOGFILE.OBJ
D:\Project\Samsung\backup\GapInspection_20190313\GapInspection\x64\Debug\mt.command.1.tlog
D:\Project\Samsung\backup\GapInspection_20190313\GapInspection\x64\Debug\mt.read.1.tlog
D:\Project\Samsung\backup\GapInspection_20190313\GapInspection\x64\Debug\mt.write.1.tlog
D:\PROJECT\SAMSUNG\BACKUP\GAPINSPECTION_20190313\GAPINSPECTION\X64\DEBUG\MYLISTCTRL.OBJ
D:\PROJECT\SAMSUNG\BACKUP\GAPINSPECTION_20190313\GAPINSPECTION\X64\DEBUG\PROFILEDATAIF.OBJ
D:\Project\Samsung\backup\GapInspection_20190313\GapInspection\x64\Debug\rc.command.1.tlog
D:\Project\Samsung\backup\GapInspection_20190313\GapInspection\x64\Debug\rc.read.1.tlog
D:\Project\Samsung\backup\GapInspection_20190313\GapInspection\x64\Debug\rc.write.1.tlog
D:\PROJECT\SAMSUNG\BACKUP\GAPINSPECTION_20190313\GAPINSPECTION\X64\DEBUG\SEQUENCEMODULE.OBJ
D:\PROJECT\SAMSUNG\BACKUP\GAPINSPECTION_20190313\GAPINSPECTION\X64\DEBUG\SERIALPORT.OBJ
D:\PROJECT\SAMSUNG\BACKUP\GAPINSPECTION_20190313\GAPINSPECTION\X64\DEBUG\STATICMATDISPLAY.OBJ
D:\PROJECT\SAMSUNG\BACKUP\GAPINSPECTION_20190313\GAPINSPECTION\X64\DEBUG\STDAFX.OBJ
D:\PROJECT\SAMSUNG\BACKUP\GAPINSPECTION_20190313\GAPINSPECTION\X64\DEBUG\TIMECHECK.OBJ
D:\Project\Samsung\backup\GapInspection_20190313\GapInspection\x64\Debug\vc100.idb
D:\PROJECT\SAMSUNG\BACKUP\GAPINSPECTION_20190313\GAPINSPECTION\X64\DEBUG\VC100.PDB
D:\PROJECT\SAMSUNG\BACKUP\GAPINSPECTION_20190313\GAPINSPECTION\X64\DEBUG\VISION.OBJ
