D:\GAPINSPDATA\BIN\UB_TILT_INSPECTION.EXE
D:\GapInspData\BIN\UB_Tilt_Inspection.exp
D:\GAPINSPDATA\BIN\UB_TILT_INSPECTION.ILK
D:\GapInspData\BIN\UB_Tilt_Inspection.lib
D:\GAPINSPDATA\BIN\UB_TILT_INSPECTION.PDB
D:\PROJECT\SAMSUNG\UB\BACKUP\GAPINSPECTION_20200803\GAPINSPECTION\X64\DEBUG\_CTRLTRACKER.OBJ
D:\PROJECT\SAMSUNG\UB\BACKUP\GAPINSPECTION_20200803\GAPINSPECTION\X64\DEBUG\AUTODELETE.OBJ
D:\PROJECT\SAMSUNG\UB\BACKUP\GAPINSPECTION_20200803\GAPINSPECTION\X64\DEBUG\AXIS.OBJ
D:\PROJECT\SAMSUNG\UB\BACKUP\GAPINSPECTION_20200803\GAPINSPECTION\X64\DEBUG\BTNENHCTRL.OBJ
D:\PROJECT\SAMSUNG\UB\BACKUP\GAPINSPECTION_20200803\GAPINSPECTION\X64\DEBUG\CAMERAMANAGER.OBJ
D:\PROJECT\SAMSUNG\UB\BACKUP\GAPINSPECTION_20200803\GAPINSPECTION\X64\DEBUG\CHARTVIEWER.OBJ
D:\PROJECT\SAMSUNG\UB\BACKUP\GAPINSPECTION_20200803\GAPINSPECTION\X64\DEBUG\COMMTHREAD.OBJ
D:\PROJECT\SAMSUNG\UB\BACKUP\GAPINSPECTION_20200803\GAPINSPECTION\X64\DEBUG\CVBLOBFINDER.OBJ
D:\PROJECT\SAMSUNG\UB\BACKUP\GAPINSPECTION_20200803\GAPINSPECTION\X64\DEBUG\DEFINE.OBJ
D:\PROJECT\SAMSUNG\UB\BACKUP\GAPINSPECTION_20200803\GAPINSPECTION\X64\DEBUG\DIALOGALARMMSG.OBJ
D:\PROJECT\SAMSUNG\UB\BACKUP\GAPINSPECTION_20200803\GAPINSPECTION\X64\DEBUG\DIALOGALGORITHMSELECT.OBJ
D:\PROJECT\SAMSUNG\UB\BACKUP\GAPINSPECTION_20200803\GAPINSPECTION\X64\DEBUG\DIALOGAVGRSLTCHART.OBJ
D:\PROJECT\SAMSUNG\UB\BACKUP\GAPINSPECTION_20200803\GAPINSPECTION\X64\DEBUG\DIALOGAVGRSLTVIEW.OBJ
D:\PROJECT\SAMSUNG\UB\BACKUP\GAPINSPECTION_20200803\GAPINSPECTION\X64\DEBUG\DIALOGBARCODEPOPUP.OBJ
D:\PROJECT\SAMSUNG\UB\BACKUP\GAPINSPECTION_20200803\GAPINSPECTION\X64\DEBUG\DIALOGDRIVESELECT.OBJ
D:\PROJECT\SAMSUNG\UB\BACKUP\GAPINSPECTION_20200803\GAPINSPECTION\X64\DEBUG\DIALOGINSPPOINT.OBJ
D:\PROJECT\SAMSUNG\UB\BACKUP\GAPINSPECTION_20200803\GAPINSPECTION\X64\DEBUG\DIALOGINSPRSLT.OBJ
D:\PROJECT\SAMSUNG\UB\BACKUP\GAPINSPECTION_20200803\GAPINSPECTION\X64\DEBUG\DIALOGJOG.OBJ
D:\PROJECT\SAMSUNG\UB\BACKUP\GAPINSPECTION_20200803\GAPINSPECTION\X64\DEBUG\DIALOGMOTION.OBJ
D:\PROJECT\SAMSUNG\UB\BACKUP\GAPINSPECTION_20200803\GAPINSPECTION\X64\DEBUG\DIALOGSPEC.OBJ
D:\PROJECT\SAMSUNG\UB\BACKUP\GAPINSPECTION_20200803\GAPINSPECTION\X64\DEBUG\DIALOGSPECPOINT.OBJ
D:\PROJECT\SAMSUNG\UB\BACKUP\GAPINSPECTION_20200803\GAPINSPECTION\X64\DEBUG\DIALOGSYSTEM.OBJ
D:\PROJECT\SAMSUNG\UB\BACKUP\GAPINSPECTION_20200803\GAPINSPECTION\X64\DEBUG\DIALOGTEACH.OBJ
D:\PROJECT\SAMSUNG\UB\BACKUP\GAPINSPECTION_20200803\GAPINSPECTION\X64\DEBUG\DIALOGZOOMVIEW.OBJ
D:\PROJECT\SAMSUNG\UB\BACKUP\GAPINSPECTION_20200803\GAPINSPECTION\X64\DEBUG\GAPINSPECTION.OBJ
D:\PROJECT\SAMSUNG\UB\BACKUP\GAPINSPECTION_20200803\GAPINSPECTION\X64\DEBUG\GAPINSPECTION.RES
D:\PROJECT\SAMSUNG\UB\BACKUP\GAPINSPECTION_20200803\GAPINSPECTION\X64\DEBUG\GAPINSPECTIONDLG.OBJ
D:\PROJECT\SAMSUNG\UB\BACKUP\GAPINSPECTION_20200803\GAPINSPECTION\X64\DEBUG\GETNUMDLG.OBJ
D:\PROJECT\SAMSUNG\UB\BACKUP\GAPINSPECTION_20200803\GAPINSPECTION\X64\DEBUG\GETTEXTDLG.OBJ
D:\PROJECT\SAMSUNG\UB\BACKUP\GAPINSPECTION_20200803\GAPINSPECTION\X64\DEBUG\LISTBOXST.OBJ
D:\PROJECT\SAMSUNG\UB\BACKUP\GAPINSPECTION_20200803\GAPINSPECTION\X64\DEBUG\LOGFILE.OBJ
D:\PROJECT\SAMSUNG\UB\BACKUP\GAPINSPECTION_20200803\GAPINSPECTION\X64\DEBUG\MYLISTCTRL.OBJ
D:\PROJECT\SAMSUNG\UB\BACKUP\GAPINSPECTION_20200803\GAPINSPECTION\X64\DEBUG\NGHUTIL.OBJ
D:\PROJECT\SAMSUNG\UB\BACKUP\GAPINSPECTION_20200803\GAPINSPECTION\X64\DEBUG\PROFILEDATAIF.OBJ
D:\PROJECT\SAMSUNG\UB\BACKUP\GAPINSPECTION_20200803\GAPINSPECTION\X64\DEBUG\SEQUENCEMODULE.OBJ
D:\PROJECT\SAMSUNG\UB\BACKUP\GAPINSPECTION_20200803\GAPINSPECTION\X64\DEBUG\SERIALPORT.OBJ
D:\PROJECT\SAMSUNG\UB\BACKUP\GAPINSPECTION_20200803\GAPINSPECTION\X64\DEBUG\STATICMATDISPLAY.OBJ
D:\PROJECT\SAMSUNG\UB\BACKUP\GAPINSPECTION_20200803\GAPINSPECTION\X64\DEBUG\STDAFX.OBJ
D:\PROJECT\SAMSUNG\UB\BACKUP\GAPINSPECTION_20200803\GAPINSPECTION\X64\DEBUG\TIMECHECK.OBJ
D:\PROJECT\SAMSUNG\UB\BACKUP\GAPINSPECTION_20200803\GAPINSPECTION\X64\DEBUG\UB_TILT_INSPECTION.EXE.EMBED.MANIFEST
D:\PROJECT\SAMSUNG\UB\BACKUP\GAPINSPECTION_20200803\GAPINSPECTION\X64\DEBUG\UB_TILT_INSPECTION.EXE.EMBED.MANIFEST.RES
D:\PROJECT\SAMSUNG\UB\BACKUP\GAPINSPECTION_20200803\GAPINSPECTION\X64\DEBUG\UB_TILT_INSPECTION.PCH
D:\PROJECT\SAMSUNG\UB\BACKUP\GAPINSPECTION_20200803\GAPINSPECTION\X64\DEBUG\USERSOCKCLIENT.OBJ
D:\PROJECT\SAMSUNG\UB\BACKUP\GAPINSPECTION_20200803\GAPINSPECTION\X64\DEBUG\VC100.PDB
D:\PROJECT\SAMSUNG\UB\BACKUP\GAPINSPECTION_20200803\GAPINSPECTION\X64\DEBUG\VISION.OBJ
D:\PROJECT\SAMSUNG\UB\BACKUP\GAPINSPECTION_20200821\GAPINSPECTION\X64\DEBUG\_CTRLTRACKER.OBJ
D:\PROJECT\SAMSUNG\UB\BACKUP\GAPINSPECTION_20200821\GAPINSPECTION\X64\DEBUG\AUTODELETE.OBJ
D:\PROJECT\SAMSUNG\UB\BACKUP\GAPINSPECTION_20200821\GAPINSPECTION\X64\DEBUG\AXIS.OBJ
D:\PROJECT\SAMSUNG\UB\BACKUP\GAPINSPECTION_20200821\GAPINSPECTION\X64\DEBUG\BTNENHCTRL.OBJ
D:\PROJECT\SAMSUNG\UB\BACKUP\GAPINSPECTION_20200821\GAPINSPECTION\X64\DEBUG\CAMERAMANAGER.OBJ
D:\PROJECT\SAMSUNG\UB\BACKUP\GAPINSPECTION_20200821\GAPINSPECTION\X64\DEBUG\CHARTVIEWER.OBJ
D:\PROJECT\SAMSUNG\UB\BACKUP\GAPINSPECTION_20200821\GAPINSPECTION\X64\DEBUG\COMMTHREAD.OBJ
D:\PROJECT\SAMSUNG\UB\BACKUP\GAPINSPECTION_20200821\GAPINSPECTION\X64\DEBUG\CVBLOBFINDER.OBJ
D:\PROJECT\SAMSUNG\UB\BACKUP\GAPINSPECTION_20200821\GAPINSPECTION\X64\DEBUG\DEFINE.OBJ
D:\PROJECT\SAMSUNG\UB\BACKUP\GAPINSPECTION_20200821\GAPINSPECTION\X64\DEBUG\DIALOGALARMMSG.OBJ
D:\PROJECT\SAMSUNG\UB\BACKUP\GAPINSPECTION_20200821\GAPINSPECTION\X64\DEBUG\DIALOGALGORITHMSELECT.OBJ
D:\PROJECT\SAMSUNG\UB\BACKUP\GAPINSPECTION_20200821\GAPINSPECTION\X64\DEBUG\DIALOGAVGRSLTCHART.OBJ
D:\PROJECT\SAMSUNG\UB\BACKUP\GAPINSPECTION_20200821\GAPINSPECTION\X64\DEBUG\DIALOGAVGRSLTVIEW.OBJ
D:\PROJECT\SAMSUNG\UB\BACKUP\GAPINSPECTION_20200821\GAPINSPECTION\X64\DEBUG\DIALOGBARCODEPOPUP.OBJ
D:\PROJECT\SAMSUNG\UB\BACKUP\GAPINSPECTION_20200821\GAPINSPECTION\X64\DEBUG\DIALOGDRIVESELECT.OBJ
D:\PROJECT\SAMSUNG\UB\BACKUP\GAPINSPECTION_20200821\GAPINSPECTION\X64\DEBUG\DIALOGINSPPOINT.OBJ
D:\PROJECT\SAMSUNG\UB\BACKUP\GAPINSPECTION_20200821\GAPINSPECTION\X64\DEBUG\DIALOGINSPRSLT.OBJ
D:\PROJECT\SAMSUNG\UB\BACKUP\GAPINSPECTION_20200821\GAPINSPECTION\X64\DEBUG\DIALOGJOG.OBJ
D:\PROJECT\SAMSUNG\UB\BACKUP\GAPINSPECTION_20200821\GAPINSPECTION\X64\DEBUG\DIALOGMOTION.OBJ
D:\PROJECT\SAMSUNG\UB\BACKUP\GAPINSPECTION_20200821\GAPINSPECTION\X64\DEBUG\DIALOGSPEC.OBJ
D:\PROJECT\SAMSUNG\UB\BACKUP\GAPINSPECTION_20200821\GAPINSPECTION\X64\DEBUG\DIALOGSPECPOINT.OBJ
D:\PROJECT\SAMSUNG\UB\BACKUP\GAPINSPECTION_20200821\GAPINSPECTION\X64\DEBUG\DIALOGSYSTEM.OBJ
D:\PROJECT\SAMSUNG\UB\BACKUP\GAPINSPECTION_20200821\GAPINSPECTION\X64\DEBUG\DIALOGTEACH.OBJ
D:\PROJECT\SAMSUNG\UB\BACKUP\GAPINSPECTION_20200821\GAPINSPECTION\X64\DEBUG\DIALOGZOOMVIEW.OBJ
D:\PROJECT\SAMSUNG\UB\BACKUP\GAPINSPECTION_20200821\GAPINSPECTION\X64\DEBUG\GAPINSPECTION.OBJ
D:\PROJECT\SAMSUNG\UB\BACKUP\GAPINSPECTION_20200821\GAPINSPECTION\X64\DEBUG\GAPINSPECTION.RES
D:\PROJECT\SAMSUNG\UB\BACKUP\GAPINSPECTION_20200821\GAPINSPECTION\X64\DEBUG\GAPINSPECTIONDLG.OBJ
D:\PROJECT\SAMSUNG\UB\BACKUP\GAPINSPECTION_20200821\GAPINSPECTION\X64\DEBUG\GETNUMDLG.OBJ
D:\PROJECT\SAMSUNG\UB\BACKUP\GAPINSPECTION_20200821\GAPINSPECTION\X64\DEBUG\GETTEXTDLG.OBJ
D:\PROJECT\SAMSUNG\UB\BACKUP\GAPINSPECTION_20200821\GAPINSPECTION\X64\DEBUG\LISTBOXST.OBJ
D:\PROJECT\SAMSUNG\UB\BACKUP\GAPINSPECTION_20200821\GAPINSPECTION\X64\DEBUG\LOGFILE.OBJ
D:\PROJECT\SAMSUNG\UB\BACKUP\GAPINSPECTION_20200821\GAPINSPECTION\X64\DEBUG\MYLISTCTRL.OBJ
D:\PROJECT\SAMSUNG\UB\BACKUP\GAPINSPECTION_20200821\GAPINSPECTION\X64\DEBUG\NGHUTIL.OBJ
D:\PROJECT\SAMSUNG\UB\BACKUP\GAPINSPECTION_20200821\GAPINSPECTION\X64\DEBUG\PROFILEDATAIF.OBJ
D:\PROJECT\SAMSUNG\UB\BACKUP\GAPINSPECTION_20200821\GAPINSPECTION\X64\DEBUG\SEQUENCEMODULE.OBJ
D:\PROJECT\SAMSUNG\UB\BACKUP\GAPINSPECTION_20200821\GAPINSPECTION\X64\DEBUG\SERIALPORT.OBJ
D:\PROJECT\SAMSUNG\UB\BACKUP\GAPINSPECTION_20200821\GAPINSPECTION\X64\DEBUG\STATICMATDISPLAY.OBJ
D:\PROJECT\SAMSUNG\UB\BACKUP\GAPINSPECTION_20200821\GAPINSPECTION\X64\DEBUG\STDAFX.OBJ
D:\PROJECT\SAMSUNG\UB\BACKUP\GAPINSPECTION_20200821\GAPINSPECTION\X64\DEBUG\TIMECHECK.OBJ
D:\PROJECT\SAMSUNG\UB\BACKUP\GAPINSPECTION_20200821\GAPINSPECTION\X64\DEBUG\UB_TILT_INSPECTION.EXE.EMBED.MANIFEST.RES
D:\PROJECT\SAMSUNG\UB\BACKUP\GAPINSPECTION_20200821\GAPINSPECTION\X64\DEBUG\UB_TILT_INSPECTION.PCH
D:\PROJECT\SAMSUNG\UB\BACKUP\GAPINSPECTION_20200821\GAPINSPECTION\X64\DEBUG\USERSOCKCLIENT.OBJ
D:\PROJECT\SAMSUNG\UB\BACKUP\GAPINSPECTION_20200821\GAPINSPECTION\X64\DEBUG\VC100.PDB
D:\PROJECT\SAMSUNG\UB\BACKUP\GAPINSPECTION_20200821\GAPINSPECTION\X64\DEBUG\VISION.OBJ
D:\PROJECT\SAMSUNG\UB\BACKUP\통합\GAPINSPECTION_20200821\GAPINSPECTION\X64\DEBUG\_CTRLTRACKER.OBJ
D:\PROJECT\SAMSUNG\UB\BACKUP\통합\GAPINSPECTION_20200821\GAPINSPECTION\X64\DEBUG\AUTODELETE.OBJ
D:\PROJECT\SAMSUNG\UB\BACKUP\통합\GAPINSPECTION_20200821\GAPINSPECTION\X64\DEBUG\AXIS.OBJ
D:\PROJECT\SAMSUNG\UB\BACKUP\통합\GAPINSPECTION_20200821\GAPINSPECTION\X64\DEBUG\BTNENHCTRL.OBJ
D:\PROJECT\SAMSUNG\UB\BACKUP\통합\GAPINSPECTION_20200821\GAPINSPECTION\X64\DEBUG\CAMERAMANAGER.OBJ
D:\PROJECT\SAMSUNG\UB\BACKUP\통합\GAPINSPECTION_20200821\GAPINSPECTION\X64\DEBUG\CHARTVIEWER.OBJ
D:\Project\Samsung\UB\backup\통합\GapInspection_20200821\GapInspection\x64\Debug\cl.command.1.tlog
D:\Project\Samsung\UB\backup\통합\GapInspection_20200821\GapInspection\x64\Debug\CL.read.1.tlog
D:\Project\Samsung\UB\backup\통합\GapInspection_20200821\GapInspection\x64\Debug\CL.write.1.tlog
D:\PROJECT\SAMSUNG\UB\BACKUP\통합\GAPINSPECTION_20200821\GAPINSPECTION\X64\DEBUG\COMMTHREAD.OBJ
D:\PROJECT\SAMSUNG\UB\BACKUP\통합\GAPINSPECTION_20200821\GAPINSPECTION\X64\DEBUG\CVBLOBFINDER.OBJ
D:\PROJECT\SAMSUNG\UB\BACKUP\통합\GAPINSPECTION_20200821\GAPINSPECTION\X64\DEBUG\DEFINE.OBJ
D:\PROJECT\SAMSUNG\UB\BACKUP\통합\GAPINSPECTION_20200821\GAPINSPECTION\X64\DEBUG\DIALOGALARMMSG.OBJ
D:\PROJECT\SAMSUNG\UB\BACKUP\통합\GAPINSPECTION_20200821\GAPINSPECTION\X64\DEBUG\DIALOGALGORITHMSELECT.OBJ
D:\PROJECT\SAMSUNG\UB\BACKUP\통합\GAPINSPECTION_20200821\GAPINSPECTION\X64\DEBUG\DIALOGAVGRSLTCHART.OBJ
D:\PROJECT\SAMSUNG\UB\BACKUP\통합\GAPINSPECTION_20200821\GAPINSPECTION\X64\DEBUG\DIALOGAVGRSLTVIEW.OBJ
D:\PROJECT\SAMSUNG\UB\BACKUP\통합\GAPINSPECTION_20200821\GAPINSPECTION\X64\DEBUG\DIALOGBARCODEPOPUP.OBJ
D:\PROJECT\SAMSUNG\UB\BACKUP\통합\GAPINSPECTION_20200821\GAPINSPECTION\X64\DEBUG\DIALOGDRIVESELECT.OBJ
D:\PROJECT\SAMSUNG\UB\BACKUP\통합\GAPINSPECTION_20200821\GAPINSPECTION\X64\DEBUG\DIALOGINSPPOINT.OBJ
D:\PROJECT\SAMSUNG\UB\BACKUP\통합\GAPINSPECTION_20200821\GAPINSPECTION\X64\DEBUG\DIALOGINSPRSLT.OBJ
D:\PROJECT\SAMSUNG\UB\BACKUP\통합\GAPINSPECTION_20200821\GAPINSPECTION\X64\DEBUG\DIALOGJOG.OBJ
D:\PROJECT\SAMSUNG\UB\BACKUP\통합\GAPINSPECTION_20200821\GAPINSPECTION\X64\DEBUG\DIALOGMOTION.OBJ
D:\PROJECT\SAMSUNG\UB\BACKUP\통합\GAPINSPECTION_20200821\GAPINSPECTION\X64\DEBUG\DIALOGSPEC.OBJ
D:\PROJECT\SAMSUNG\UB\BACKUP\통합\GAPINSPECTION_20200821\GAPINSPECTION\X64\DEBUG\DIALOGSPECPOINT.OBJ
D:\PROJECT\SAMSUNG\UB\BACKUP\통합\GAPINSPECTION_20200821\GAPINSPECTION\X64\DEBUG\DIALOGSPECPOINTOFFSET.OBJ
D:\PROJECT\SAMSUNG\UB\BACKUP\통합\GAPINSPECTION_20200821\GAPINSPECTION\X64\DEBUG\DIALOGSYSTEM.OBJ
D:\PROJECT\SAMSUNG\UB\BACKUP\통합\GAPINSPECTION_20200821\GAPINSPECTION\X64\DEBUG\DIALOGTEACH.OBJ
D:\PROJECT\SAMSUNG\UB\BACKUP\통합\GAPINSPECTION_20200821\GAPINSPECTION\X64\DEBUG\DIALOGZOOMVIEW.OBJ
D:\PROJECT\SAMSUNG\UB\BACKUP\통합\GAPINSPECTION_20200821\GAPINSPECTION\X64\DEBUG\GAPINSPECTION.OBJ
D:\PROJECT\SAMSUNG\UB\BACKUP\통합\GAPINSPECTION_20200821\GAPINSPECTION\X64\DEBUG\GAPINSPECTION.RES
D:\Project\Samsung\UB\backup\통합\GapInspection_20200821\GapInspection\x64\Debug\GapInspection.vcxprojResolveAssemblyReference.cache
D:\Project\Samsung\UB\backup\통합\GapInspection_20200821\GapInspection\x64\Debug\GapInspection.write.1.tlog
D:\PROJECT\SAMSUNG\UB\BACKUP\통합\GAPINSPECTION_20200821\GAPINSPECTION\X64\DEBUG\GAPINSPECTIONDLG.OBJ
D:\PROJECT\SAMSUNG\UB\BACKUP\통합\GAPINSPECTION_20200821\GAPINSPECTION\X64\DEBUG\GETNUMDLG.OBJ
D:\PROJECT\SAMSUNG\UB\BACKUP\통합\GAPINSPECTION_20200821\GAPINSPECTION\X64\DEBUG\GETTEXTDLG.OBJ
D:\Project\Samsung\UB\backup\통합\GapInspection_20200821\GapInspection\x64\Debug\link.13456.read.1.tlog
D:\Project\Samsung\UB\backup\통합\GapInspection_20200821\GapInspection\x64\Debug\link.13456.write.1.tlog
D:\Project\Samsung\UB\backup\통합\GapInspection_20200821\GapInspection\x64\Debug\link.13456-cvtres.read.1.tlog
D:\Project\Samsung\UB\backup\통합\GapInspection_20200821\GapInspection\x64\Debug\link.13456-cvtres.write.1.tlog
D:\Project\Samsung\UB\backup\통합\GapInspection_20200821\GapInspection\x64\Debug\link.22920.read.1.tlog
D:\Project\Samsung\UB\backup\통합\GapInspection_20200821\GapInspection\x64\Debug\link.22920.write.1.tlog
D:\Project\Samsung\UB\backup\통합\GapInspection_20200821\GapInspection\x64\Debug\link.22920-cvtres.read.1.tlog
D:\Project\Samsung\UB\backup\통합\GapInspection_20200821\GapInspection\x64\Debug\link.22920-cvtres.write.1.tlog
D:\Project\Samsung\UB\backup\통합\GapInspection_20200821\GapInspection\x64\Debug\link.23808.read.1.tlog
D:\Project\Samsung\UB\backup\통합\GapInspection_20200821\GapInspection\x64\Debug\link.23808.write.1.tlog
D:\Project\Samsung\UB\backup\통합\GapInspection_20200821\GapInspection\x64\Debug\link.23808-cvtres.read.1.tlog
D:\Project\Samsung\UB\backup\통합\GapInspection_20200821\GapInspection\x64\Debug\link.23808-cvtres.write.1.tlog
D:\Project\Samsung\UB\backup\통합\GapInspection_20200821\GapInspection\x64\Debug\link.9352.read.1.tlog
D:\Project\Samsung\UB\backup\통합\GapInspection_20200821\GapInspection\x64\Debug\link.9352.write.1.tlog
D:\Project\Samsung\UB\backup\통합\GapInspection_20200821\GapInspection\x64\Debug\link.9352-cvtres.read.1.tlog
D:\Project\Samsung\UB\backup\통합\GapInspection_20200821\GapInspection\x64\Debug\link.9352-cvtres.write.1.tlog
D:\Project\Samsung\UB\backup\통합\GapInspection_20200821\GapInspection\x64\Debug\link.command.1.tlog
D:\Project\Samsung\UB\backup\통합\GapInspection_20200821\GapInspection\x64\Debug\link.read.1.tlog
D:\Project\Samsung\UB\backup\통합\GapInspection_20200821\GapInspection\x64\Debug\link.write.1.tlog
D:\Project\Samsung\UB\backup\통합\GapInspection_20200821\GapInspection\x64\Debug\link-cvtres.read.1.tlog
D:\Project\Samsung\UB\backup\통합\GapInspection_20200821\GapInspection\x64\Debug\link-cvtres.write.1.tlog
D:\PROJECT\SAMSUNG\UB\BACKUP\통합\GAPINSPECTION_20200821\GAPINSPECTION\X64\DEBUG\LISTBOXST.OBJ
D:\PROJECT\SAMSUNG\UB\BACKUP\통합\GAPINSPECTION_20200821\GAPINSPECTION\X64\DEBUG\LOGFILE.OBJ
D:\Project\Samsung\UB\backup\통합\GapInspection_20200821\GapInspection\x64\Debug\mt.command.1.tlog
D:\Project\Samsung\UB\backup\통합\GapInspection_20200821\GapInspection\x64\Debug\mt.read.1.tlog
D:\Project\Samsung\UB\backup\통합\GapInspection_20200821\GapInspection\x64\Debug\mt.write.1.tlog
D:\PROJECT\SAMSUNG\UB\BACKUP\통합\GAPINSPECTION_20200821\GAPINSPECTION\X64\DEBUG\MYLISTCTRL.OBJ
D:\PROJECT\SAMSUNG\UB\BACKUP\통합\GAPINSPECTION_20200821\GAPINSPECTION\X64\DEBUG\NGHUTIL.OBJ
D:\PROJECT\SAMSUNG\UB\BACKUP\통합\GAPINSPECTION_20200821\GAPINSPECTION\X64\DEBUG\PROFILEDATAIF.OBJ
D:\Project\Samsung\UB\backup\통합\GapInspection_20200821\GapInspection\x64\Debug\rc.command.1.tlog
D:\Project\Samsung\UB\backup\통합\GapInspection_20200821\GapInspection\x64\Debug\rc.read.1.tlog
D:\Project\Samsung\UB\backup\통합\GapInspection_20200821\GapInspection\x64\Debug\rc.write.1.tlog
D:\PROJECT\SAMSUNG\UB\BACKUP\통합\GAPINSPECTION_20200821\GAPINSPECTION\X64\DEBUG\SEQUENCEMODULE.OBJ
D:\PROJECT\SAMSUNG\UB\BACKUP\통합\GAPINSPECTION_20200821\GAPINSPECTION\X64\DEBUG\SERIALPORT.OBJ
D:\PROJECT\SAMSUNG\UB\BACKUP\통합\GAPINSPECTION_20200821\GAPINSPECTION\X64\DEBUG\STATICMATDISPLAY.OBJ
D:\PROJECT\SAMSUNG\UB\BACKUP\통합\GAPINSPECTION_20200821\GAPINSPECTION\X64\DEBUG\STDAFX.OBJ
D:\PROJECT\SAMSUNG\UB\BACKUP\통합\GAPINSPECTION_20200821\GAPINSPECTION\X64\DEBUG\TIMECHECK.OBJ
D:\Project\Samsung\UB\backup\통합\GapInspection_20200821\GapInspection\x64\Debug\UB_Tilt_Inspection.exe.embed.manifest
D:\PROJECT\SAMSUNG\UB\BACKUP\통합\GAPINSPECTION_20200821\GAPINSPECTION\X64\DEBUG\UB_TILT_INSPECTION.EXE.EMBED.MANIFEST.RES
D:\PROJECT\SAMSUNG\UB\BACKUP\통합\GAPINSPECTION_20200821\GAPINSPECTION\X64\DEBUG\UB_TILT_INSPECTION.EXE.INTERMEDIATE.MANIFEST
D:\PROJECT\SAMSUNG\UB\BACKUP\통합\GAPINSPECTION_20200821\GAPINSPECTION\X64\DEBUG\UB_TILT_INSPECTION.PCH
D:\Project\Samsung\UB\backup\통합\GapInspection_20200821\GapInspection\x64\Debug\UB_Tilt_Inspection_manifest.rc
D:\PROJECT\SAMSUNG\UB\BACKUP\통합\GAPINSPECTION_20200821\GAPINSPECTION\X64\DEBUG\USERSOCKCLIENT.OBJ
D:\Project\Samsung\UB\backup\통합\GapInspection_20200821\GapInspection\x64\Debug\vc100.idb
D:\PROJECT\SAMSUNG\UB\BACKUP\통합\GAPINSPECTION_20200821\GAPINSPECTION\X64\DEBUG\VC100.PDB
D:\PROJECT\SAMSUNG\UB\BACKUP\통합\GAPINSPECTION_20200821\GAPINSPECTION\X64\DEBUG\VISION.OBJ
