D:\GAPINSPDATA\BIN\UB_TILT_INSPECTION.EXE
D:\GapInspData\BIN\UB_Tilt_Inspection.exp
D:\GapInspData\BIN\UB_Tilt_Inspection.lib
D:\GAPINSPDATA\BIN\UB_TILT_INSPECTION.PDB
D:\PROJECT\SAMSUNG\BACKUP\GAPINSPECTION\GAPINSPECTION\X64\RELEASE\_CTRLTRACKER.OBJ
D:\PROJECT\SAMSUNG\BACKUP\GAPINSPECTION\GAPINSPECTION\X64\RELEASE\AUTODELETE.OBJ
D:\PROJECT\SAMSUNG\BACKUP\GAPINSPECTION\GAPINSPECTION\X64\RELEASE\AXIS.OBJ
D:\PROJECT\SAMSUNG\BACKUP\GAPINSPECTION\GAPINSPECTION\X64\RELEASE\BTNENHCTRL.OBJ
D:\PROJECT\SAMSUNG\BACKUP\GAPINSPECTION\GAPINSPECTION\X64\RELEASE\CAMERAMANAGER.OBJ
D:\PROJECT\SAMSUNG\BACKUP\GAPINSPECTION\GAPINSPECTION\X64\RELEASE\CHARTVIEWER.OBJ
D:\Project\Samsung\backup\GapInspection\GapInspection\x64\Release\cl.command.1.tlog
D:\Project\Samsung\backup\GapInspection\GapInspection\x64\Release\CL.read.1.tlog
D:\Project\Samsung\backup\GapInspection\GapInspection\x64\Release\CL.write.1.tlog
D:\PROJECT\SAMSUNG\BACKUP\GAPINSPECTION\GAPINSPECTION\X64\RELEASE\COMMTHREAD.OBJ
D:\PROJECT\SAMSUNG\BACKUP\GAPINSPECTION\GAPINSPECTION\X64\RELEASE\CVBLOBFINDER.OBJ
D:\PROJECT\SAMSUNG\BACKUP\GAPINSPECTION\GAPINSPECTION\X64\RELEASE\DEFINE.OBJ
D:\PROJECT\SAMSUNG\BACKUP\GAPINSPECTION\GAPINSPECTION\X64\RELEASE\DIALOGALARMMSG.OBJ
D:\PROJECT\SAMSUNG\BACKUP\GAPINSPECTION\GAPINSPECTION\X64\RELEASE\DIALOGALGORITHMSELECT.OBJ
D:\PROJECT\SAMSUNG\BACKUP\GAPINSPECTION\GAPINSPECTION\X64\RELEASE\DIALOGAVGRSLTCHART.OBJ
D:\PROJECT\SAMSUNG\BACKUP\GAPINSPECTION\GAPINSPECTION\X64\RELEASE\DIALOGAVGRSLTVIEW.OBJ
D:\PROJECT\SAMSUNG\BACKUP\GAPINSPECTION\GAPINSPECTION\X64\RELEASE\DIALOGBARCODEPOPUP.OBJ
D:\PROJECT\SAMSUNG\BACKUP\GAPINSPECTION\GAPINSPECTION\X64\RELEASE\DIALOGDRIVESELECT.OBJ
D:\PROJECT\SAMSUNG\BACKUP\GAPINSPECTION\GAPINSPECTION\X64\RELEASE\DIALOGINSPPOINT.OBJ
D:\PROJECT\SAMSUNG\BACKUP\GAPINSPECTION\GAPINSPECTION\X64\RELEASE\DIALOGINSPRSLT.OBJ
D:\PROJECT\SAMSUNG\BACKUP\GAPINSPECTION\GAPINSPECTION\X64\RELEASE\DIALOGJOG.OBJ
D:\PROJECT\SAMSUNG\BACKUP\GAPINSPECTION\GAPINSPECTION\X64\RELEASE\DIALOGMOTION.OBJ
D:\PROJECT\SAMSUNG\BACKUP\GAPINSPECTION\GAPINSPECTION\X64\RELEASE\DIALOGSPEC.OBJ
D:\PROJECT\SAMSUNG\BACKUP\GAPINSPECTION\GAPINSPECTION\X64\RELEASE\DIALOGSPECPOINT.OBJ
D:\PROJECT\SAMSUNG\BACKUP\GAPINSPECTION\GAPINSPECTION\X64\RELEASE\DIALOGSYSTEM.OBJ
D:\PROJECT\SAMSUNG\BACKUP\GAPINSPECTION\GAPINSPECTION\X64\RELEASE\DIALOGTEACH.OBJ
D:\PROJECT\SAMSUNG\BACKUP\GAPINSPECTION\GAPINSPECTION\X64\RELEASE\DIALOGZOOMVIEW.OBJ
D:\PROJECT\SAMSUNG\BACKUP\GAPINSPECTION\GAPINSPECTION\X64\RELEASE\GAPINSPECTION.OBJ
D:\PROJECT\SAMSUNG\BACKUP\GAPINSPECTION\GAPINSPECTION\X64\RELEASE\GAPINSPECTION.RES
D:\Project\Samsung\backup\GapInspection\GapInspection\x64\Release\GapInspection.vcxprojResolveAssemblyReference.cache
D:\Project\Samsung\backup\GapInspection\GapInspection\x64\Release\GapInspection.write.1.tlog
D:\PROJECT\SAMSUNG\BACKUP\GAPINSPECTION\GAPINSPECTION\X64\RELEASE\GAPINSPECTIONDLG.OBJ
D:\PROJECT\SAMSUNG\BACKUP\GAPINSPECTION\GAPINSPECTION\X64\RELEASE\GETNUMDLG.OBJ
D:\PROJECT\SAMSUNG\BACKUP\GAPINSPECTION\GAPINSPECTION\X64\RELEASE\GETTEXTDLG.OBJ
D:\Project\Samsung\backup\GapInspection\GapInspection\x64\Release\link.command.1.tlog
D:\Project\Samsung\backup\GapInspection\GapInspection\x64\Release\link.read.1.tlog
D:\Project\Samsung\backup\GapInspection\GapInspection\x64\Release\link.write.1.tlog
D:\Project\Samsung\backup\GapInspection\GapInspection\x64\Release\link-cvtres.read.1.tlog
D:\Project\Samsung\backup\GapInspection\GapInspection\x64\Release\link-cvtres.write.1.tlog
D:\Project\Samsung\backup\GapInspection\GapInspection\x64\Release\link-pgocvt.read.1.tlog
D:\Project\Samsung\backup\GapInspection\GapInspection\x64\Release\link-pgocvt.write.1.tlog
D:\PROJECT\SAMSUNG\BACKUP\GAPINSPECTION\GAPINSPECTION\X64\RELEASE\LISTBOXST.OBJ
D:\PROJECT\SAMSUNG\BACKUP\GAPINSPECTION\GAPINSPECTION\X64\RELEASE\LOGFILE.OBJ
D:\Project\Samsung\backup\GapInspection\GapInspection\x64\Release\mt.command.1.tlog
D:\Project\Samsung\backup\GapInspection\GapInspection\x64\Release\mt.read.1.tlog
D:\Project\Samsung\backup\GapInspection\GapInspection\x64\Release\mt.write.1.tlog
D:\PROJECT\SAMSUNG\BACKUP\GAPINSPECTION\GAPINSPECTION\X64\RELEASE\MYLISTCTRL.OBJ
D:\PROJECT\SAMSUNG\BACKUP\GAPINSPECTION\GAPINSPECTION\X64\RELEASE\NGHUTIL.OBJ
D:\PROJECT\SAMSUNG\BACKUP\GAPINSPECTION\GAPINSPECTION\X64\RELEASE\PROFILEDATAIF.OBJ
D:\Project\Samsung\backup\GapInspection\GapInspection\x64\Release\rc.command.1.tlog
D:\Project\Samsung\backup\GapInspection\GapInspection\x64\Release\rc.read.1.tlog
D:\Project\Samsung\backup\GapInspection\GapInspection\x64\Release\rc.write.1.tlog
D:\PROJECT\SAMSUNG\BACKUP\GAPINSPECTION\GAPINSPECTION\X64\RELEASE\RSPORT.OBJ
D:\PROJECT\SAMSUNG\BACKUP\GAPINSPECTION\GAPINSPECTION\X64\RELEASE\SEQUENCEMODULE.OBJ
D:\PROJECT\SAMSUNG\BACKUP\GAPINSPECTION\GAPINSPECTION\X64\RELEASE\SERIALPORT.OBJ
D:\PROJECT\SAMSUNG\BACKUP\GAPINSPECTION\GAPINSPECTION\X64\RELEASE\STATICMATDISPLAY.OBJ
D:\PROJECT\SAMSUNG\BACKUP\GAPINSPECTION\GAPINSPECTION\X64\RELEASE\STDAFX.OBJ
D:\PROJECT\SAMSUNG\BACKUP\GAPINSPECTION\GAPINSPECTION\X64\RELEASE\TIMECHECK.OBJ
D:\PROJECT\SAMSUNG\BACKUP\GAPINSPECTION\GAPINSPECTION\X64\RELEASE\UB_TILT_INSPECTION.EXE.INTERMEDIATE.MANIFEST
D:\PROJECT\SAMSUNG\BACKUP\GAPINSPECTION\GAPINSPECTION\X64\RELEASE\UB_TILT_INSPECTION.PCH
D:\PROJECT\SAMSUNG\BACKUP\GAPINSPECTION\GAPINSPECTION\X64\RELEASE\USERSOCKCLIENT.OBJ
D:\PROJECT\SAMSUNG\BACKUP\GAPINSPECTION\GAPINSPECTION\X64\RELEASE\VC100.PDB
D:\PROJECT\SAMSUNG\BACKUP\GAPINSPECTION\GAPINSPECTION\X64\RELEASE\VISION.OBJ
